{
  "stats": {
    "suites": 1,
    "tests": 2,
    "passes": 1,
    "pending": 0,
    "failures": 1,
    "start": "2024-06-01T14:31:47.157Z",
    "end": "2024-06-01T14:31:57.316Z",
    "duration": 10159,
    "testsRegistered": 2,
    "passPercent": 50,
    "pendingPercent": 0,
    "other": 0,
    "hasOther": false,
    "skipped": 0,
    "hasSkipped": false
  },
  "results": [
    {
      "uuid": "93e99284-723e-4969-82d2-2a3a667c27fc",
      "title": "",
      "fullFile": "C:\\xampp\\htdocs\\ChirpOut\\selenium-automation\\tests\\LoginPageTest.js",
      "file": "\\tests\\LoginPageTest.js",
      "beforeHooks": [],
      "afterHooks": [],
      "tests": [],
      "suites": [
        {
          "uuid": "dc8b9517-fc13-4e6f-8a25-d4756c1bacb8",
          "title": "Login Page Tests",
          "fullFile": "C:\\xampp\\htdocs\\ChirpOut\\selenium-automation\\tests\\LoginPageTest.js",
          "file": "\\tests\\LoginPageTest.js",
          "beforeHooks": [
            {
              "title": "\"before each\" hook in \"Login Page Tests\"",
              "fullTitle": "Login Page Tests \"before each\" hook in \"Login Page Tests\"",
              "timedOut": false,
              "duration": 2486,
              "state": null,
              "speed": null,
              "pass": false,
              "fail": false,
              "pending": false,
              "context": null,
              "code": "driver = await new Builder().forBrowser('chrome').build();",
              "err": {},
              "uuid": "a1e68b85-a0c6-430f-8357-3e3c03b79e86",
              "parentUUID": "dc8b9517-fc13-4e6f-8a25-d4756c1bacb8",
              "isHook": true,
              "skipped": false
            }
          ],
          "afterHooks": [
            {
              "title": "\"after each\" hook in \"Login Page Tests\"",
              "fullTitle": "Login Page Tests \"after each\" hook in \"Login Page Tests\"",
              "timedOut": false,
              "duration": 189,
              "state": null,
              "speed": null,
              "pass": false,
              "fail": false,
              "pending": false,
              "context": null,
              "code": "await driver.quit();",
              "err": {},
              "uuid": "fe2a3eeb-19af-4201-b3cf-ed562bbc73ea",
              "parentUUID": "dc8b9517-fc13-4e6f-8a25-d4756c1bacb8",
              "isHook": true,
              "skipped": false
            }
          ],
          "tests": [
            {
              "title": "should login with valid credentials",
              "fullTitle": "Login Page Tests should login with valid credentials",
              "timedOut": false,
              "duration": 1927,
              "state": "failed",
              "speed": null,
              "pass": false,
              "fail": true,
              "pending": false,
              "context": null,
              "code": "const loginPage = new LoginPage(driver);\n// Navigate to the login page\nawait loginPage.navigateTo();\n// Take a screenshot before any interactions\nawait loginPage.takeScreenshot('LoginPageTest_before_interaction_valid_login.png');\n\n// Assert that the URL and Page title are correct\nlet currentUrl = await driver.getCurrentUrl();\nlet initialTitle = await driver.getTitle();\nassert.strictEqual(currentUrl, BASE_URL, `URL should be '${BASE_URL}'`);\nassert.strictEqual(initialTitle, 'Welcome to ChirpOut', `Page title should be 'Welcome to ChirpOut'`);\n// Perform login action\nawait loginPage.login(VALID_USERNAME, VALID_PASSWORD);\n// Add assertions for successful login\nlet homePageUrl = 'http://localhost:8080/demo/index.php'; // Assuming the home page URL\nlet newUrl = await driver.getCurrentUrl();\nassert.strictEqual(newUrl, homePageUrl, 'URL should be the home page URL after login');\n// Take a screenshot after login validation\nawait loginPage.takeScreenshot('LoginPageTest_after_interaction_valid_login.png');",
              "err": {
                "message": "AssertionError: URL should be the home page URL after login",
                "estack": "AssertionError [ERR_ASSERTION]: URL should be the home page URL after login\n    at Context.<anonymous> (tests\\LoginPageTest.js:40:12)\n    at process.processTicksAndRejections (node:internal/process/task_queues:95:5)",
                "diff": "- http://localhost:8080/chirpout/index.php\n+ http://localhost:8080/demo/index.php\n"
              },
              "uuid": "2005a444-4903-4258-a940-82afdb89603b",
              "parentUUID": "dc8b9517-fc13-4e6f-8a25-d4756c1bacb8",
              "isHook": false,
              "skipped": false
            },
            {
              "title": "should not login with invalid credentials",
              "fullTitle": "Login Page Tests should not login with invalid credentials",
              "timedOut": false,
              "duration": 1914,
              "state": "passed",
              "speed": "slow",
              "pass": true,
              "fail": false,
              "pending": false,
              "context": null,
              "code": "const loginPage = new LoginPage(driver);\n// Take a screenshot before any interactions\nawait loginPage.takeScreenshot('LoginPageTest_before_interaction_invalid_login.png');\n// Navigate to the login page\nawait loginPage.navigateTo();\n// Assert that the URL and Page title are correct\nlet currentUrl = await driver.getCurrentUrl();\nlet initialTitle = await driver.getTitle();\nassert.strictEqual(currentUrl, BASE_URL, `URL should be '${BASE_URL}'`);\nassert.strictEqual(initialTitle, 'Welcome to ChirpOut', `Page title should be 'Welcome to ChirpOut'`);\n// Perform invalid login action\nawait loginPage.login('invalid@example.com', 'invalidPassword');\n// Add assertions for failed login\nlet newUrl = await driver.getCurrentUrl();\nassert.strictEqual(newUrl, currentUrl, 'URL should remain the login page URL after failed login');\nlet newTitle = await driver.getTitle();\nassert.strictEqual(newTitle, initialTitle, `Page title should remain 'Welcome to ChirpOut'`);\n// Take a screenshot after invalid login validation\nawait loginPage.takeScreenshot('LoginPageTest_after_interaction_invalid_login.png');",
              "err": {},
              "uuid": "0670c15d-ce3d-4cbc-ab2d-8d31e98de071",
              "parentUUID": "dc8b9517-fc13-4e6f-8a25-d4756c1bacb8",
              "isHook": false,
              "skipped": false
            }
          ],
          "suites": [],
          "passes": [
            "0670c15d-ce3d-4cbc-ab2d-8d31e98de071"
          ],
          "failures": [
            "2005a444-4903-4258-a940-82afdb89603b"
          ],
          "pending": [],
          "skipped": [],
          "duration": 3841,
          "root": false,
          "rootEmpty": false,
          "_timeout": 30000
        }
      ],
      "passes": [],
      "failures": [],
      "pending": [],
      "skipped": [],
      "duration": 0,
      "root": true,
      "rootEmpty": true,
      "_timeout": 2000
    }
  ],
  "meta": {
    "mocha": {
      "version": "10.4.0"
    },
    "mochawesome": {
      "options": {
        "quiet": false,
        "reportFilename": "mochawesome",
        "saveHtml": true,
        "saveJson": true,
        "consoleReporter": "spec",
        "useInlineDiffs": false,
        "code": true
      },
      "version": "7.1.3"
    },
    "marge": {
      "options": null,
      "version": "6.2.0"
    }
  }
}